
Symbol table '.symtab' contains 25 entries:
   Num:    Value  Size Type    Bind   Vis      Ndx Name
     0: 00000000     0 NOTYPE  LOCAL  DEFAULT  UND 
     1: 00000000     0 SECTION LOCAL  DEFAULT    1 
     2: 00000000     0 SECTION LOCAL  DEFAULT    2 
     3: 00000000     0 SECTION LOCAL  DEFAULT    3 
     4: 00000008     0 NOTYPE  LOCAL  DEFAULT    1 Jump
     5: 00000000     0 NOTYPE  LOCAL  DEFAULT    1 $d
     6: 00000002     0 NOTYPE  LOCAL  DEFAULT    1 $t
     7: 00000010     0 NOTYPE  LOCAL  DEFAULT    1 AfterJump
     8: 0000000c     0 NOTYPE  LOCAL  DEFAULT    1 Routine
     9: 0000000c     0 NOTYPE  LOCAL  DEFAULT    1 $d
    10: 00000010     0 NOTYPE  LOCAL  DEFAULT    1 $t
    11: 00000046     0 NOTYPE  LOCAL  DEFAULT    1 GetEffectID
    12: 00000030     0 NOTYPE  LOCAL  DEFAULT    1 IDlist
    13: 00000030     0 NOTYPE  LOCAL  DEFAULT    1 $d
    14: 00000034     0 NOTYPE  LOCAL  DEFAULT    1 LoopStart
    15: 00000034     0 NOTYPE  LOCAL  DEFAULT    1 $t
    16: 00000042     0 NOTYPE  LOCAL  DEFAULT    1 LoopEnd
    17: 00000058     0 NOTYPE  LOCAL  DEFAULT    1 ItemTablePointer
    18: 00000058     0 NOTYPE  LOCAL  DEFAULT    1 $d
    19: 00000000     0 SECTION LOCAL  DEFAULT    6 
    20: 0000000c     0 NOTYPE  LOCAL  DEFAULT    9 $d
    21: 00000000     0 SECTION LOCAL  DEFAULT    8 
    22: 00000000     0 SECTION LOCAL  DEFAULT    4 
    23: 00000000     0 SECTION LOCAL  DEFAULT    9 
    24: 00000000     0 SECTION LOCAL  DEFAULT   11 
